JUnit version 4.12
.Test started at Fri Oct 28 16:32:58 UTC 2016
Insertions: 17,179,869,184 (approx: 131,072 GiB)
Thread count: 88
Maximum FPSet table count is: 34,359,738,368 (approx: 262,144 GiB)
FPSet lock count is: 16384
FPSet bucket count is: 2147483639
Testing tlc2.tool.fp.MSBDiskFPSet
1477672444841 s; 436,889,810 insertions/min; 0.01 load factor
1477672504848 s; 923,707,292 insertions/min; 0.04 load factor
1477672624840 s; 5,332,481,339 insertions/min; 0.12 load factor
1477672684840 s; 1,342,030,090 insertions/min; 0.16 load factor
1477672744841 s; 1,297,610,176 insertions/min; 0.19 load factor
1477672864840 s; 4,461,199,721 insertions/min; 0.26 load factor
1477672924841 s; 939,873,290 insertions/min; 0.29 load factor
1477672999337 s; 210,170,409 insertions/min; 0.29 load factor
1477673104841 s; 1,900,010,895 insertions/min; 0.32 load factor
1477673164841 s; 610,156,714 insertions/min; 0.34 load factor
1477673284840 s; 2,426,592,062 insertions/min; 0.38 load factor
1477673344840 s; 603,188,534 insertions/min; 0.39 load factor
1477673404840 s; 604,315,726 insertions/min; 0.41 load factor
1477673485448 s; 241,707,415 insertions/min; 0.42 load factor
1477673584840 s; 1,732,746,156 insertions/min; 0.45 load factor
1477673644841 s; 629,318,455 insertions/min; 0.46 load factor
Total puts: 17179869168, total collisions: 0, total load factor: 0.5, duration: 1378700 ms.
1477673763547 s; 747,600,000 insertions/min; 0.5 load factor
Test finished at Fri Oct 28 16:56:03 UTC 2016
E.Test started at Fri Oct 28 16:56:03 UTC 2016
Insertions: 17,179,869,184 (approx: 131,072 GiB)
Thread count: 88
Test finished at Fri Oct 28 16:56:03 UTC 2016
.Test started at Fri Oct 28 16:56:03 UTC 2016
Insertions: 17,179,869,184 (approx: 131,072 GiB)
Thread count: 88
Test finished at Fri Oct 28 16:56:03 UTC 2016
.Test started at Fri Oct 28 16:56:03 UTC 2016
Insertions: 17,179,869,184 (approx: 131,072 GiB)
Thread count: 88
Test finished at Fri Oct 28 16:56:03 UTC 2016

Time: 1,385.064
There was 1 failure:
1) testMaxFPSetSizeRnd(tlc2.tool.fp.MultiThreadedMSBDiskFPSetTest)
java.lang.AssertionError
	at org.junit.Assert.fail(Assert.java:86)
	at org.junit.Assert.assertTrue(Assert.java:41)
	at org.junit.Assert.assertTrue(Assert.java:52)
	at tlc2.tool.fp.MultiThreadedFPSetTest.doTest(MultiThreadedFPSetTest.java:170)
	at tlc2.tool.fp.MultiThreadedFPSetTest.testMaxFPSetSizeRnd(MultiThreadedFPSetTest.java:67)
	at sun.reflect.NativeMethodAccessorImpl.invoke0(Native Method)
	at sun.reflect.NativeMethodAccessorImpl.invoke(NativeMethodAccessorImpl.java:62)
	at sun.reflect.DelegatingMethodAccessorImpl.invoke(DelegatingMethodAccessorImpl.java:43)
	at java.lang.reflect.Method.invoke(Method.java:498)
	at org.junit.runners.model.FrameworkMethod$1.runReflectiveCall(FrameworkMethod.java:50)
	at org.junit.internal.runners.model.ReflectiveCallable.run(ReflectiveCallable.java:12)
	at org.junit.runners.model.FrameworkMethod.invokeExplosively(FrameworkMethod.java:47)
	at org.junit.internal.runners.statements.InvokeMethod.evaluate(InvokeMethod.java:17)
	at org.junit.internal.runners.statements.RunBefores.evaluate(RunBefores.java:26)
	at org.junit.internal.runners.statements.RunAfters.evaluate(RunAfters.java:27)
	at org.junit.runners.ParentRunner.runLeaf(ParentRunner.java:325)
	at org.junit.runners.BlockJUnit4ClassRunner.runChild(BlockJUnit4ClassRunner.java:78)
	at org.junit.runners.BlockJUnit4ClassRunner.runChild(BlockJUnit4ClassRunner.java:57)
	at org.junit.runners.ParentRunner$3.run(ParentRunner.java:290)
	at org.junit.runners.ParentRunner$1.schedule(ParentRunner.java:71)
	at org.junit.runners.ParentRunner.runChildren(ParentRunner.java:288)
	at org.junit.runners.ParentRunner.access$000(ParentRunner.java:58)
	at org.junit.runners.ParentRunner$2.evaluate(ParentRunner.java:268)
	at org.junit.runners.ParentRunner.run(ParentRunner.java:363)
	at org.junit.runners.Suite.runChild(Suite.java:128)
	at org.junit.runners.Suite.runChild(Suite.java:27)
	at org.junit.runners.ParentRunner$3.run(ParentRunner.java:290)
	at org.junit.runners.ParentRunner$1.schedule(ParentRunner.java:71)
	at org.junit.runners.ParentRunner.runChildren(ParentRunner.java:288)
	at org.junit.runners.ParentRunner.access$000(ParentRunner.java:58)
	at org.junit.runners.ParentRunner$2.evaluate(ParentRunner.java:268)
	at org.junit.runners.ParentRunner.run(ParentRunner.java:363)
	at org.junit.runner.JUnitCore.run(JUnitCore.java:137)
	at org.junit.runner.JUnitCore.run(JUnitCore.java:115)
	at org.junit.runner.JUnitCore.runMain(JUnitCore.java:77)
	at org.junit.runner.JUnitCore.main(JUnitCore.java:36)

FAILURES!!!
Tests run: 4,  Failures: 1

Running test: FingerPrintGenerator
page_defrag = always madvise [never]
scaling_governor = powersave
kernel.numa_balancing = 1
