JUnit version 4.12
.Test started at Fri Oct 28 02:23:01 UTC 2016
Insertions: 17,179,869,184 (approx: 131,072 GiB)
Thread count: 88
Maximum FPSet table count is: 34,359,738,368 (approx: 262,144 GiB)
FPSet lock count is: 16384
FPSet bucket count is: 2147483639
Testing tlc2.tool.fp.MSBDiskFPSet
1477621447887 s; 454,663,095 insertions/min; 0.01 load factor
1477621507897 s; 971,749,269 insertions/min; 0.04 load factor
1477621627888 s; 5,380,447,719 insertions/min; 0.12 load factor
1477621687888 s; 1,344,088,122 insertions/min; 0.16 load factor
1477621807887 s; 4,989,011,290 insertions/min; 0.23 load factor
1477621896133 s; 642,204,512 insertions/min; 0.24 load factor
1477621987887 s; 1,980,556,565 insertions/min; 0.28 load factor
1477622047891 s; 809,473,285 insertions/min; 0.31 load factor
1477622167888 s; 3,144,154,458 insertions/min; 0.35 load factor
1477622227887 s; 773,807,989 insertions/min; 0.37 load factor
1477622328874 s; 828,050,902 insertions/min; 0.39 load factor
1477622407887 s; 1,284,254,130 insertions/min; 0.42 load factor
1477622467887 s; 746,375,948 insertions/min; 0.44 load factor
1477622527889 s; 746,639,477 insertions/min; 0.46 load factor
1477622587888 s; 748,295,990 insertions/min; 0.48 load factor
1477622678883 s; 565,756,360 insertions/min; 0.49 load factor
Total puts: 17179869168, total collisions: 0, total load factor: 0.5, duration: 1316412 ms.
1477622704302 s; 783,000,000 insertions/min; 0.5 load factor
Test finished at Fri Oct 28 02:45:04 UTC 2016
E.Test started at Fri Oct 28 02:45:04 UTC 2016
Insertions: 17,179,869,184 (approx: 131,072 GiB)
Thread count: 88
Test finished at Fri Oct 28 02:45:04 UTC 2016
.Test started at Fri Oct 28 02:45:04 UTC 2016
Insertions: 17,179,869,184 (approx: 131,072 GiB)
Thread count: 88
Test finished at Fri Oct 28 02:45:04 UTC 2016
.Test started at Fri Oct 28 02:45:04 UTC 2016
Insertions: 17,179,869,184 (approx: 131,072 GiB)
Thread count: 88
Test finished at Fri Oct 28 02:45:04 UTC 2016

Time: 1,322.856
There was 1 failure:
1) testMaxFPSetSizeRnd(tlc2.tool.fp.MultiThreadedMSBDiskFPSetTest)
java.lang.AssertionError
	at org.junit.Assert.fail(Assert.java:86)
	at org.junit.Assert.assertTrue(Assert.java:41)
	at org.junit.Assert.assertTrue(Assert.java:52)
	at tlc2.tool.fp.MultiThreadedFPSetTest.doTest(MultiThreadedFPSetTest.java:170)
	at tlc2.tool.fp.MultiThreadedFPSetTest.testMaxFPSetSizeRnd(MultiThreadedFPSetTest.java:67)
	at sun.reflect.NativeMethodAccessorImpl.invoke0(Native Method)
	at sun.reflect.NativeMethodAccessorImpl.invoke(NativeMethodAccessorImpl.java:62)
	at sun.reflect.DelegatingMethodAccessorImpl.invoke(DelegatingMethodAccessorImpl.java:43)
	at java.lang.reflect.Method.invoke(Method.java:498)
	at org.junit.runners.model.FrameworkMethod$1.runReflectiveCall(FrameworkMethod.java:50)
	at org.junit.internal.runners.model.ReflectiveCallable.run(ReflectiveCallable.java:12)
	at org.junit.runners.model.FrameworkMethod.invokeExplosively(FrameworkMethod.java:47)
	at org.junit.internal.runners.statements.InvokeMethod.evaluate(InvokeMethod.java:17)
	at org.junit.internal.runners.statements.RunBefores.evaluate(RunBefores.java:26)
	at org.junit.internal.runners.statements.RunAfters.evaluate(RunAfters.java:27)
	at org.junit.runners.ParentRunner.runLeaf(ParentRunner.java:325)
	at org.junit.runners.BlockJUnit4ClassRunner.runChild(BlockJUnit4ClassRunner.java:78)
	at org.junit.runners.BlockJUnit4ClassRunner.runChild(BlockJUnit4ClassRunner.java:57)
	at org.junit.runners.ParentRunner$3.run(ParentRunner.java:290)
	at org.junit.runners.ParentRunner$1.schedule(ParentRunner.java:71)
	at org.junit.runners.ParentRunner.runChildren(ParentRunner.java:288)
	at org.junit.runners.ParentRunner.access$000(ParentRunner.java:58)
	at org.junit.runners.ParentRunner$2.evaluate(ParentRunner.java:268)
	at org.junit.runners.ParentRunner.run(ParentRunner.java:363)
	at org.junit.runners.Suite.runChild(Suite.java:128)
	at org.junit.runners.Suite.runChild(Suite.java:27)
	at org.junit.runners.ParentRunner$3.run(ParentRunner.java:290)
	at org.junit.runners.ParentRunner$1.schedule(ParentRunner.java:71)
	at org.junit.runners.ParentRunner.runChildren(ParentRunner.java:288)
	at org.junit.runners.ParentRunner.access$000(ParentRunner.java:58)
	at org.junit.runners.ParentRunner$2.evaluate(ParentRunner.java:268)
	at org.junit.runners.ParentRunner.run(ParentRunner.java:363)
	at org.junit.runner.JUnitCore.run(JUnitCore.java:137)
	at org.junit.runner.JUnitCore.run(JUnitCore.java:115)
	at org.junit.runner.JUnitCore.runMain(JUnitCore.java:77)
	at org.junit.runner.JUnitCore.main(JUnitCore.java:36)

FAILURES!!!
Tests run: 4,  Failures: 1

Running test: FingerPrintGenerator
page_defrag = always madvise [never]
scaling_governor = powersave
kernel.numa_balancing = 1
