JUnit version 4.12
.Test started at Sat Oct 29 07:12:38 UTC 2016
Insertions: 17,179,869,184 (approx: 131,072 GiB)
Thread count: 96
Maximum FPSet table count is: 34,359,738,368 (approx: 262,144 GiB)
FPSet lock count is: 16384
FPSet bucket count is: 2147483639
Testing tlc2.tool.fp.MSBDiskFPSet
1477725225085 s; 434,572,376 insertions/min; 0.01 load factor
1477725285094 s; 958,246,880 insertions/min; 0.04 load factor
1477725405085 s; 5,685,169,712 insertions/min; 0.12 load factor
1477725465085 s; 1,422,675,290 insertions/min; 0.16 load factor
1477725585084 s; 5,124,881,916 insertions/min; 0.24 load factor
1477725677851 s; 762,100,427 insertions/min; 0.25 load factor
1477725765085 s; 1,446,747,964 insertions/min; 0.28 load factor
1477725885084 s; 2,687,166,336 insertions/min; 0.32 load factor
1477725945084 s; 663,939,769 insertions/min; 0.34 load factor
1477726005085 s; 661,131,090 insertions/min; 0.36 load factor
1477726153476 s; 2,284,582,158 insertions/min; 0.39 load factor
1477726245084 s; 1,482,665,716 insertions/min; 0.42 load factor
1477726305085 s; 639,405,937 insertions/min; 0.43 load factor
1477726425084 s; 2,567,385,018 insertions/min; 0.47 load factor
1477726485086 s; 644,070,723 insertions/min; 0.49 load factor
1477726551677 s; 71,296,277 insertions/min; 0.49 load factor
Total puts: 17179869120, total collisions: 0, total load factor: 0.5, duration: 1412108 ms.
1477726577196 s; 729,960,000 insertions/min; 0.5 load factor
Test finished at Sat Oct 29 07:36:17 UTC 2016
E.Test started at Sat Oct 29 07:36:17 UTC 2016
Insertions: 17,179,869,184 (approx: 131,072 GiB)
Thread count: 96
Test finished at Sat Oct 29 07:36:17 UTC 2016
.Test started at Sat Oct 29 07:36:17 UTC 2016
Insertions: 17,179,869,184 (approx: 131,072 GiB)
Thread count: 96
Test finished at Sat Oct 29 07:36:17 UTC 2016
.Test started at Sat Oct 29 07:36:17 UTC 2016
Insertions: 17,179,869,184 (approx: 131,072 GiB)
Thread count: 96
Test finished at Sat Oct 29 07:36:17 UTC 2016

Time: 1,418.689
There was 1 failure:
1) testMaxFPSetSizeRnd(tlc2.tool.fp.MultiThreadedMSBDiskFPSetTest)
java.lang.AssertionError
	at org.junit.Assert.fail(Assert.java:86)
	at org.junit.Assert.assertTrue(Assert.java:41)
	at org.junit.Assert.assertTrue(Assert.java:52)
	at tlc2.tool.fp.MultiThreadedFPSetTest.doTest(MultiThreadedFPSetTest.java:170)
	at tlc2.tool.fp.MultiThreadedFPSetTest.testMaxFPSetSizeRnd(MultiThreadedFPSetTest.java:67)
	at sun.reflect.NativeMethodAccessorImpl.invoke0(Native Method)
	at sun.reflect.NativeMethodAccessorImpl.invoke(NativeMethodAccessorImpl.java:62)
	at sun.reflect.DelegatingMethodAccessorImpl.invoke(DelegatingMethodAccessorImpl.java:43)
	at java.lang.reflect.Method.invoke(Method.java:498)
	at org.junit.runners.model.FrameworkMethod$1.runReflectiveCall(FrameworkMethod.java:50)
	at org.junit.internal.runners.model.ReflectiveCallable.run(ReflectiveCallable.java:12)
	at org.junit.runners.model.FrameworkMethod.invokeExplosively(FrameworkMethod.java:47)
	at org.junit.internal.runners.statements.InvokeMethod.evaluate(InvokeMethod.java:17)
	at org.junit.internal.runners.statements.RunBefores.evaluate(RunBefores.java:26)
	at org.junit.internal.runners.statements.RunAfters.evaluate(RunAfters.java:27)
	at org.junit.runners.ParentRunner.runLeaf(ParentRunner.java:325)
	at org.junit.runners.BlockJUnit4ClassRunner.runChild(BlockJUnit4ClassRunner.java:78)
	at org.junit.runners.BlockJUnit4ClassRunner.runChild(BlockJUnit4ClassRunner.java:57)
	at org.junit.runners.ParentRunner$3.run(ParentRunner.java:290)
	at org.junit.runners.ParentRunner$1.schedule(ParentRunner.java:71)
	at org.junit.runners.ParentRunner.runChildren(ParentRunner.java:288)
	at org.junit.runners.ParentRunner.access$000(ParentRunner.java:58)
	at org.junit.runners.ParentRunner$2.evaluate(ParentRunner.java:268)
	at org.junit.runners.ParentRunner.run(ParentRunner.java:363)
	at org.junit.runners.Suite.runChild(Suite.java:128)
	at org.junit.runners.Suite.runChild(Suite.java:27)
	at org.junit.runners.ParentRunner$3.run(ParentRunner.java:290)
	at org.junit.runners.ParentRunner$1.schedule(ParentRunner.java:71)
	at org.junit.runners.ParentRunner.runChildren(ParentRunner.java:288)
	at org.junit.runners.ParentRunner.access$000(ParentRunner.java:58)
	at org.junit.runners.ParentRunner$2.evaluate(ParentRunner.java:268)
	at org.junit.runners.ParentRunner.run(ParentRunner.java:363)
	at org.junit.runner.JUnitCore.run(JUnitCore.java:137)
	at org.junit.runner.JUnitCore.run(JUnitCore.java:115)
	at org.junit.runner.JUnitCore.runMain(JUnitCore.java:77)
	at org.junit.runner.JUnitCore.main(JUnitCore.java:36)

FAILURES!!!
Tests run: 4,  Failures: 1

Running test: FingerPrintGenerator
page_defrag = always madvise [never]
scaling_governor = powersave
kernel.numa_balancing = 1
