JUnit version 4.12
.Test started at Fri Oct 28 14:56:39 UTC 2016
Insertions: 17,179,869,184 (approx: 131,072 GiB)
Thread count: 48
Maximum FPSet table count is: 34,359,738,368 (approx: 262,144 GiB)
FPSet lock count is: 8192
FPSet bucket count is: 2147483639
Testing tlc2.tool.fp.MSBDiskFPSet
1477666665269 s; 499,698,722 insertions/min; 0.01 load factor
1477666725272 s; 943,358,534 insertions/min; 0.04 load factor
1477666845268 s; 4,282,178,365 insertions/min; 0.1 load factor
1477666905269 s; 1,078,549,157 insertions/min; 0.14 load factor
1477667025269 s; 4,202,201,400 insertions/min; 0.2 load factor
1477667085269 s; 995,771,501 insertions/min; 0.23 load factor
1477667205268 s; 3,720,305,403 insertions/min; 0.28 load factor
1477667268728 s; 13,022,419 insertions/min; 0.28 load factor
1477667385268 s; 2,493,715,295 insertions/min; 0.32 load factor
1477667445268 s; 681,743,791 insertions/min; 0.34 load factor
1477667505269 s; 638,387,697 insertions/min; 0.36 load factor
1477667625268 s; 2,518,432,076 insertions/min; 0.39 load factor
1477667685269 s; 621,260,423 insertions/min; 0.41 load factor
1477667754353 s; 20,055,065 insertions/min; 0.41 load factor
1477667865268 s; 1,685,331,779 insertions/min; 0.44 load factor
1477667925268 s; 449,299,923 insertions/min; 0.45 load factor
1477667985269 s; 471,969,621 insertions/min; 0.46 load factor
1477668045277 s; 456,348,376 insertions/min; 0.48 load factor
Total puts: 17179869168, total collisions: 0, total load factor: 0.5, duration: 1538506 ms.
1477668143780 s; 669,960,000 insertions/min; 0.5 load factor
Test finished at Fri Oct 28 15:22:23 UTC 2016
E.Test started at Fri Oct 28 15:22:23 UTC 2016
Insertions: 17,179,869,184 (approx: 131,072 GiB)
Thread count: 48
Test finished at Fri Oct 28 15:22:23 UTC 2016
.Test started at Fri Oct 28 15:22:23 UTC 2016
Insertions: 17,179,869,184 (approx: 131,072 GiB)
Thread count: 48
Test finished at Fri Oct 28 15:22:23 UTC 2016
.Test started at Fri Oct 28 15:22:23 UTC 2016
Insertions: 17,179,869,184 (approx: 131,072 GiB)
Thread count: 48
Test finished at Fri Oct 28 15:22:23 UTC 2016

Time: 1,544.689
There was 1 failure:
1) testMaxFPSetSizeRnd(tlc2.tool.fp.MultiThreadedMSBDiskFPSetTest)
java.lang.AssertionError
	at org.junit.Assert.fail(Assert.java:86)
	at org.junit.Assert.assertTrue(Assert.java:41)
	at org.junit.Assert.assertTrue(Assert.java:52)
	at tlc2.tool.fp.MultiThreadedFPSetTest.doTest(MultiThreadedFPSetTest.java:170)
	at tlc2.tool.fp.MultiThreadedFPSetTest.testMaxFPSetSizeRnd(MultiThreadedFPSetTest.java:67)
	at sun.reflect.NativeMethodAccessorImpl.invoke0(Native Method)
	at sun.reflect.NativeMethodAccessorImpl.invoke(NativeMethodAccessorImpl.java:62)
	at sun.reflect.DelegatingMethodAccessorImpl.invoke(DelegatingMethodAccessorImpl.java:43)
	at java.lang.reflect.Method.invoke(Method.java:498)
	at org.junit.runners.model.FrameworkMethod$1.runReflectiveCall(FrameworkMethod.java:50)
	at org.junit.internal.runners.model.ReflectiveCallable.run(ReflectiveCallable.java:12)
	at org.junit.runners.model.FrameworkMethod.invokeExplosively(FrameworkMethod.java:47)
	at org.junit.internal.runners.statements.InvokeMethod.evaluate(InvokeMethod.java:17)
	at org.junit.internal.runners.statements.RunBefores.evaluate(RunBefores.java:26)
	at org.junit.internal.runners.statements.RunAfters.evaluate(RunAfters.java:27)
	at org.junit.runners.ParentRunner.runLeaf(ParentRunner.java:325)
	at org.junit.runners.BlockJUnit4ClassRunner.runChild(BlockJUnit4ClassRunner.java:78)
	at org.junit.runners.BlockJUnit4ClassRunner.runChild(BlockJUnit4ClassRunner.java:57)
	at org.junit.runners.ParentRunner$3.run(ParentRunner.java:290)
	at org.junit.runners.ParentRunner$1.schedule(ParentRunner.java:71)
	at org.junit.runners.ParentRunner.runChildren(ParentRunner.java:288)
	at org.junit.runners.ParentRunner.access$000(ParentRunner.java:58)
	at org.junit.runners.ParentRunner$2.evaluate(ParentRunner.java:268)
	at org.junit.runners.ParentRunner.run(ParentRunner.java:363)
	at org.junit.runners.Suite.runChild(Suite.java:128)
	at org.junit.runners.Suite.runChild(Suite.java:27)
	at org.junit.runners.ParentRunner$3.run(ParentRunner.java:290)
	at org.junit.runners.ParentRunner$1.schedule(ParentRunner.java:71)
	at org.junit.runners.ParentRunner.runChildren(ParentRunner.java:288)
	at org.junit.runners.ParentRunner.access$000(ParentRunner.java:58)
	at org.junit.runners.ParentRunner$2.evaluate(ParentRunner.java:268)
	at org.junit.runners.ParentRunner.run(ParentRunner.java:363)
	at org.junit.runner.JUnitCore.run(JUnitCore.java:137)
	at org.junit.runner.JUnitCore.run(JUnitCore.java:115)
	at org.junit.runner.JUnitCore.runMain(JUnitCore.java:77)
	at org.junit.runner.JUnitCore.main(JUnitCore.java:36)

FAILURES!!!
Tests run: 4,  Failures: 1

Running test: FingerPrintGenerator
page_defrag = always madvise [never]
scaling_governor = powersave
kernel.numa_balancing = 1
