JUnit version 4.12
.Test started at Sat Oct 29 06:25:29 UTC 2016
Insertions: 17,179,869,184 (approx: 131,072 GiB)
Thread count: 80
Maximum FPSet table count is: 34,359,738,368 (approx: 262,144 GiB)
FPSet lock count is: 16384
FPSet bucket count is: 2147483639
Testing tlc2.tool.fp.MSBDiskFPSet
1477722395830 s; 401,888,291 insertions/min; 0.01 load factor
1477722455838 s; 805,475,420 insertions/min; 0.04 load factor
1477722575830 s; 5,033,689,005 insertions/min; 0.11 load factor
1477722695830 s; 5,030,608,218 insertions/min; 0.18 load factor
1477722815829 s; 4,377,388,809 insertions/min; 0.25 load factor
1477722875829 s; 908,172,614 insertions/min; 0.27 load factor
1477722961104 s; 440,538,825 insertions/min; 0.28 load factor
1477723055829 s; 1,723,646,078 insertions/min; 0.31 load factor
1477723115829 s; 679,974,136 insertions/min; 0.33 load factor
1477723175829 s; 675,215,899 insertions/min; 0.35 load factor
1477723235829 s; 671,554,119 insertions/min; 0.37 load factor
1477723295829 s; 668,357,057 insertions/min; 0.39 load factor
1477723355829 s; 671,895,315 insertions/min; 0.41 load factor
1477723429726 s; 133,139,312 insertions/min; 0.41 load factor
1477723535830 s; 2,193,600,998 insertions/min; 0.45 load factor
1477723595829 s; 699,725,353 insertions/min; 0.47 load factor
1477723655829 s; 697,215,895 insertions/min; 0.49 load factor
Total puts: 17179869120, total collisions: 0, total load factor: 0.5, duration: 1354009 ms.
1477723689844 s; 761,280,000 insertions/min; 0.5 load factor
Test finished at Sat Oct 29 06:48:09 UTC 2016
E.Test started at Sat Oct 29 06:48:09 UTC 2016
Insertions: 17,179,869,184 (approx: 131,072 GiB)
Thread count: 80
Test finished at Sat Oct 29 06:48:09 UTC 2016
.Test started at Sat Oct 29 06:48:09 UTC 2016
Insertions: 17,179,869,184 (approx: 131,072 GiB)
Thread count: 80
Test finished at Sat Oct 29 06:48:09 UTC 2016
.Test started at Sat Oct 29 06:48:09 UTC 2016
Insertions: 17,179,869,184 (approx: 131,072 GiB)
Thread count: 80
Test finished at Sat Oct 29 06:48:09 UTC 2016

Time: 1,360.721
There was 1 failure:
1) testMaxFPSetSizeRnd(tlc2.tool.fp.MultiThreadedMSBDiskFPSetTest)
java.lang.AssertionError
	at org.junit.Assert.fail(Assert.java:86)
	at org.junit.Assert.assertTrue(Assert.java:41)
	at org.junit.Assert.assertTrue(Assert.java:52)
	at tlc2.tool.fp.MultiThreadedFPSetTest.doTest(MultiThreadedFPSetTest.java:170)
	at tlc2.tool.fp.MultiThreadedFPSetTest.testMaxFPSetSizeRnd(MultiThreadedFPSetTest.java:67)
	at sun.reflect.NativeMethodAccessorImpl.invoke0(Native Method)
	at sun.reflect.NativeMethodAccessorImpl.invoke(NativeMethodAccessorImpl.java:62)
	at sun.reflect.DelegatingMethodAccessorImpl.invoke(DelegatingMethodAccessorImpl.java:43)
	at java.lang.reflect.Method.invoke(Method.java:498)
	at org.junit.runners.model.FrameworkMethod$1.runReflectiveCall(FrameworkMethod.java:50)
	at org.junit.internal.runners.model.ReflectiveCallable.run(ReflectiveCallable.java:12)
	at org.junit.runners.model.FrameworkMethod.invokeExplosively(FrameworkMethod.java:47)
	at org.junit.internal.runners.statements.InvokeMethod.evaluate(InvokeMethod.java:17)
	at org.junit.internal.runners.statements.RunBefores.evaluate(RunBefores.java:26)
	at org.junit.internal.runners.statements.RunAfters.evaluate(RunAfters.java:27)
	at org.junit.runners.ParentRunner.runLeaf(ParentRunner.java:325)
	at org.junit.runners.BlockJUnit4ClassRunner.runChild(BlockJUnit4ClassRunner.java:78)
	at org.junit.runners.BlockJUnit4ClassRunner.runChild(BlockJUnit4ClassRunner.java:57)
	at org.junit.runners.ParentRunner$3.run(ParentRunner.java:290)
	at org.junit.runners.ParentRunner$1.schedule(ParentRunner.java:71)
	at org.junit.runners.ParentRunner.runChildren(ParentRunner.java:288)
	at org.junit.runners.ParentRunner.access$000(ParentRunner.java:58)
	at org.junit.runners.ParentRunner$2.evaluate(ParentRunner.java:268)
	at org.junit.runners.ParentRunner.run(ParentRunner.java:363)
	at org.junit.runners.Suite.runChild(Suite.java:128)
	at org.junit.runners.Suite.runChild(Suite.java:27)
	at org.junit.runners.ParentRunner$3.run(ParentRunner.java:290)
	at org.junit.runners.ParentRunner$1.schedule(ParentRunner.java:71)
	at org.junit.runners.ParentRunner.runChildren(ParentRunner.java:288)
	at org.junit.runners.ParentRunner.access$000(ParentRunner.java:58)
	at org.junit.runners.ParentRunner$2.evaluate(ParentRunner.java:268)
	at org.junit.runners.ParentRunner.run(ParentRunner.java:363)
	at org.junit.runner.JUnitCore.run(JUnitCore.java:137)
	at org.junit.runner.JUnitCore.run(JUnitCore.java:115)
	at org.junit.runner.JUnitCore.runMain(JUnitCore.java:77)
	at org.junit.runner.JUnitCore.main(JUnitCore.java:36)

FAILURES!!!
Tests run: 4,  Failures: 1

Running test: FingerPrintGenerator
page_defrag = always madvise [never]
scaling_governor = powersave
kernel.numa_balancing = 1
