JUnit version 4.12
.Test started at Tue Oct 25 18:21:12 UTC 2016
Insertions: 8,589,934,592 (approx: 65,536 GiB)
Thread count: 80
Maximum FPSet table count is: 34,359,738,368 (approx: 262,144 GiB)
FPSet lock count is: 16384
FPSet bucket count is: 2147483639
Testing tlc2.tool.fp.MSBDiskFPSet
1477419739632 s; 440,339,218 insertions/min; 0.01 load factor
1477419799632 s; 854,191,643 insertions/min; 0.04 load factor
1477419919631 s; 5,118,029,467 insertions/min; 0.11 load factor
1477419979631 s; 1,280,821,870 insertions/min; 0.15 load factor
1477420039631 s; 1,245,456,671 insertions/min; 0.19 load factor
1477420099631 s; 1,164,326,334 insertions/min; 0.22 load factor
1477420159631 s; 1,023,253,564 insertions/min; 0.25 load factor
Total puts: 8589934560, total collisions: 0, total load factor: 0.25, duration: 482301 ms.
1477420161937 s; 1,068,600,000 insertions/min; 0.25 load factor
Test finished at Tue Oct 25 18:29:21 UTC 2016
E.Test started at Tue Oct 25 18:29:21 UTC 2016
Insertions: 8,589,934,592 (approx: 65,536 GiB)
Thread count: 80
Test finished at Tue Oct 25 18:29:21 UTC 2016
.Test started at Tue Oct 25 18:29:21 UTC 2016
Insertions: 8,589,934,592 (approx: 65,536 GiB)
Thread count: 80
Test finished at Tue Oct 25 18:29:21 UTC 2016
.Test started at Tue Oct 25 18:29:21 UTC 2016
Insertions: 8,589,934,592 (approx: 65,536 GiB)
Thread count: 80
Test finished at Tue Oct 25 18:29:21 UTC 2016

Time: 489.06
There was 1 failure:
1) testMaxFPSetSizeRnd(tlc2.tool.fp.MultiThreadedMSBDiskFPSetTest)
java.lang.AssertionError
	at org.junit.Assert.fail(Assert.java:86)
	at org.junit.Assert.assertTrue(Assert.java:41)
	at org.junit.Assert.assertTrue(Assert.java:52)
	at tlc2.tool.fp.MultiThreadedFPSetTest.doTest(MultiThreadedFPSetTest.java:170)
	at tlc2.tool.fp.MultiThreadedFPSetTest.testMaxFPSetSizeRnd(MultiThreadedFPSetTest.java:67)
	at sun.reflect.NativeMethodAccessorImpl.invoke0(Native Method)
	at sun.reflect.NativeMethodAccessorImpl.invoke(NativeMethodAccessorImpl.java:62)
	at sun.reflect.DelegatingMethodAccessorImpl.invoke(DelegatingMethodAccessorImpl.java:43)
	at java.lang.reflect.Method.invoke(Method.java:498)
	at org.junit.runners.model.FrameworkMethod$1.runReflectiveCall(FrameworkMethod.java:50)
	at org.junit.internal.runners.model.ReflectiveCallable.run(ReflectiveCallable.java:12)
	at org.junit.runners.model.FrameworkMethod.invokeExplosively(FrameworkMethod.java:47)
	at org.junit.internal.runners.statements.InvokeMethod.evaluate(InvokeMethod.java:17)
	at org.junit.internal.runners.statements.RunBefores.evaluate(RunBefores.java:26)
	at org.junit.internal.runners.statements.RunAfters.evaluate(RunAfters.java:27)
	at org.junit.runners.ParentRunner.runLeaf(ParentRunner.java:325)
	at org.junit.runners.BlockJUnit4ClassRunner.runChild(BlockJUnit4ClassRunner.java:78)
	at org.junit.runners.BlockJUnit4ClassRunner.runChild(BlockJUnit4ClassRunner.java:57)
	at org.junit.runners.ParentRunner$3.run(ParentRunner.java:290)
	at org.junit.runners.ParentRunner$1.schedule(ParentRunner.java:71)
	at org.junit.runners.ParentRunner.runChildren(ParentRunner.java:288)
	at org.junit.runners.ParentRunner.access$000(ParentRunner.java:58)
	at org.junit.runners.ParentRunner$2.evaluate(ParentRunner.java:268)
	at org.junit.runners.ParentRunner.run(ParentRunner.java:363)
	at org.junit.runners.Suite.runChild(Suite.java:128)
	at org.junit.runners.Suite.runChild(Suite.java:27)
	at org.junit.runners.ParentRunner$3.run(ParentRunner.java:290)
	at org.junit.runners.ParentRunner$1.schedule(ParentRunner.java:71)
	at org.junit.runners.ParentRunner.runChildren(ParentRunner.java:288)
	at org.junit.runners.ParentRunner.access$000(ParentRunner.java:58)
	at org.junit.runners.ParentRunner$2.evaluate(ParentRunner.java:268)
	at org.junit.runners.ParentRunner.run(ParentRunner.java:363)
	at org.junit.runner.JUnitCore.run(JUnitCore.java:137)
	at org.junit.runner.JUnitCore.run(JUnitCore.java:115)
	at org.junit.runner.JUnitCore.runMain(JUnitCore.java:77)
	at org.junit.runner.JUnitCore.main(JUnitCore.java:36)

FAILURES!!!
Tests run: 4,  Failures: 1

Running test: FingerPrintGenerator
page_defrag = always madvise [never]
scaling_governor = powersave
kernel.numa_balancing = 1
