JUnit version 4.12
.Test started at Sat Oct 29 06:01:34 UTC 2016
Insertions: 17,179,869,184 (approx: 131,072 GiB)
Thread count: 82
Maximum FPSet table count is: 34,359,738,368 (approx: 262,144 GiB)
FPSet lock count is: 16384
FPSet bucket count is: 2147483639
Testing tlc2.tool.fp.MSBDiskFPSet
1477720961200 s; 422,650,779 insertions/min; 0.01 load factor
1477721021202 s; 871,406,793 insertions/min; 0.04 load factor
1477721141200 s; 5,219,508,860 insertions/min; 0.11 load factor
1477721201200 s; 1,313,991,804 insertions/min; 0.15 load factor
1477721321200 s; 4,911,610,482 insertions/min; 0.22 load factor
1477721441199 s; 3,894,090,016 insertions/min; 0.28 load factor
1477721512289 s; 146,599,648 insertions/min; 0.28 load factor
1477721621199 s; 2,139,703,763 insertions/min; 0.32 load factor
1477721681199 s; 639,941,220 insertions/min; 0.34 load factor
1477721741200 s; 635,069,598 insertions/min; 0.36 load factor
1477721861200 s; 2,530,868,590 insertions/min; 0.39 load factor
1477721977239 s; 1,066,443,371 insertions/min; 0.41 load factor
1477722041199 s; 624,574,443 insertions/min; 0.42 load factor
1477722101199 s; 554,776,516 insertions/min; 0.44 load factor
1477722161199 s; 555,021,518 insertions/min; 0.46 load factor
1477722221200 s; 557,176,181 insertions/min; 0.47 load factor
1477722281206 s; 558,552,518 insertions/min; 0.49 load factor
Total puts: 17179869118, total collisions: 0, total load factor: 0.5, duration: 1422979 ms.
1477722324184 s; 724,380,000 insertions/min; 0.5 load factor
Test finished at Sat Oct 29 06:25:24 UTC 2016
E.Test started at Sat Oct 29 06:25:24 UTC 2016
Insertions: 17,179,869,184 (approx: 131,072 GiB)
Thread count: 82
Test finished at Sat Oct 29 06:25:24 UTC 2016
.Test started at Sat Oct 29 06:25:24 UTC 2016
Insertions: 17,179,869,184 (approx: 131,072 GiB)
Thread count: 82
Test finished at Sat Oct 29 06:25:24 UTC 2016
.Test started at Sat Oct 29 06:25:24 UTC 2016
Insertions: 17,179,869,184 (approx: 131,072 GiB)
Thread count: 82
Test finished at Sat Oct 29 06:25:24 UTC 2016

Time: 1,429.648
There was 1 failure:
1) testMaxFPSetSizeRnd(tlc2.tool.fp.MultiThreadedMSBDiskFPSetTest)
java.lang.AssertionError
	at org.junit.Assert.fail(Assert.java:86)
	at org.junit.Assert.assertTrue(Assert.java:41)
	at org.junit.Assert.assertTrue(Assert.java:52)
	at tlc2.tool.fp.MultiThreadedFPSetTest.doTest(MultiThreadedFPSetTest.java:170)
	at tlc2.tool.fp.MultiThreadedFPSetTest.testMaxFPSetSizeRnd(MultiThreadedFPSetTest.java:67)
	at sun.reflect.NativeMethodAccessorImpl.invoke0(Native Method)
	at sun.reflect.NativeMethodAccessorImpl.invoke(NativeMethodAccessorImpl.java:62)
	at sun.reflect.DelegatingMethodAccessorImpl.invoke(DelegatingMethodAccessorImpl.java:43)
	at java.lang.reflect.Method.invoke(Method.java:498)
	at org.junit.runners.model.FrameworkMethod$1.runReflectiveCall(FrameworkMethod.java:50)
	at org.junit.internal.runners.model.ReflectiveCallable.run(ReflectiveCallable.java:12)
	at org.junit.runners.model.FrameworkMethod.invokeExplosively(FrameworkMethod.java:47)
	at org.junit.internal.runners.statements.InvokeMethod.evaluate(InvokeMethod.java:17)
	at org.junit.internal.runners.statements.RunBefores.evaluate(RunBefores.java:26)
	at org.junit.internal.runners.statements.RunAfters.evaluate(RunAfters.java:27)
	at org.junit.runners.ParentRunner.runLeaf(ParentRunner.java:325)
	at org.junit.runners.BlockJUnit4ClassRunner.runChild(BlockJUnit4ClassRunner.java:78)
	at org.junit.runners.BlockJUnit4ClassRunner.runChild(BlockJUnit4ClassRunner.java:57)
	at org.junit.runners.ParentRunner$3.run(ParentRunner.java:290)
	at org.junit.runners.ParentRunner$1.schedule(ParentRunner.java:71)
	at org.junit.runners.ParentRunner.runChildren(ParentRunner.java:288)
	at org.junit.runners.ParentRunner.access$000(ParentRunner.java:58)
	at org.junit.runners.ParentRunner$2.evaluate(ParentRunner.java:268)
	at org.junit.runners.ParentRunner.run(ParentRunner.java:363)
	at org.junit.runners.Suite.runChild(Suite.java:128)
	at org.junit.runners.Suite.runChild(Suite.java:27)
	at org.junit.runners.ParentRunner$3.run(ParentRunner.java:290)
	at org.junit.runners.ParentRunner$1.schedule(ParentRunner.java:71)
	at org.junit.runners.ParentRunner.runChildren(ParentRunner.java:288)
	at org.junit.runners.ParentRunner.access$000(ParentRunner.java:58)
	at org.junit.runners.ParentRunner$2.evaluate(ParentRunner.java:268)
	at org.junit.runners.ParentRunner.run(ParentRunner.java:363)
	at org.junit.runner.JUnitCore.run(JUnitCore.java:137)
	at org.junit.runner.JUnitCore.run(JUnitCore.java:115)
	at org.junit.runner.JUnitCore.runMain(JUnitCore.java:77)
	at org.junit.runner.JUnitCore.main(JUnitCore.java:36)

FAILURES!!!
Tests run: 4,  Failures: 1

Running test: FingerPrintGenerator
page_defrag = always madvise [never]
scaling_governor = powersave
kernel.numa_balancing = 1
