JUnit version 4.12
.Test started at Sat Oct 29 07:36:22 UTC 2016
Insertions: 17,179,869,184 (approx: 131,072 GiB)
Thread count: 104
Maximum FPSet table count is: 34,359,738,368 (approx: 262,144 GiB)
FPSet lock count is: 16384
FPSet bucket count is: 2147483639
Testing tlc2.tool.fp.MSBDiskFPSet
1477726649135 s; 459,354,739 insertions/min; 0.01 load factor
1477726709144 s; 1,013,106,561 insertions/min; 0.04 load factor
1477726829134 s; 5,868,747,684 insertions/min; 0.13 load factor
1477726889134 s; 1,461,508,105 insertions/min; 0.17 load factor
1477726949134 s; 1,374,367,782 insertions/min; 0.21 load factor
1477727009134 s; 1,178,579,662 insertions/min; 0.25 load factor
1477727109622 s; 1,015,152,732 insertions/min; 0.26 load factor
1477727189134 s; 1,219,826,837 insertions/min; 0.29 load factor
1477727249134 s; 682,741,381 insertions/min; 0.31 load factor
1477727309134 s; 676,863,851 insertions/min; 0.33 load factor
1477727369134 s; 670,366,579 insertions/min; 0.35 load factor
1477727429135 s; 666,018,527 insertions/min; 0.37 load factor
1477727588639 s; 2,769,168,795 insertions/min; 0.4 load factor
1477727669134 s; 1,255,027,833 insertions/min; 0.43 load factor
1477727729135 s; 694,808,221 insertions/min; 0.45 load factor
1477727789134 s; 692,711,761 insertions/min; 0.47 load factor
1477727849135 s; 692,015,582 insertions/min; 0.49 load factor
Total puts: 17179869096, total collisions: 0, total load factor: 0.5, duration: 1306550 ms.
1477727895690 s; 788,940,000 insertions/min; 0.5 load factor
Test finished at Sat Oct 29 07:58:15 UTC 2016
E.Test started at Sat Oct 29 07:58:15 UTC 2016
Insertions: 17,179,869,184 (approx: 131,072 GiB)
Thread count: 104
Test finished at Sat Oct 29 07:58:15 UTC 2016
.Test started at Sat Oct 29 07:58:15 UTC 2016
Insertions: 17,179,869,184 (approx: 131,072 GiB)
Thread count: 104
Test finished at Sat Oct 29 07:58:15 UTC 2016
.Test started at Sat Oct 29 07:58:15 UTC 2016
Insertions: 17,179,869,184 (approx: 131,072 GiB)
Thread count: 104
Test finished at Sat Oct 29 07:58:15 UTC 2016

Time: 1,313.119
There was 1 failure:
1) testMaxFPSetSizeRnd(tlc2.tool.fp.MultiThreadedMSBDiskFPSetTest)
java.lang.AssertionError
	at org.junit.Assert.fail(Assert.java:86)
	at org.junit.Assert.assertTrue(Assert.java:41)
	at org.junit.Assert.assertTrue(Assert.java:52)
	at tlc2.tool.fp.MultiThreadedFPSetTest.doTest(MultiThreadedFPSetTest.java:170)
	at tlc2.tool.fp.MultiThreadedFPSetTest.testMaxFPSetSizeRnd(MultiThreadedFPSetTest.java:67)
	at sun.reflect.NativeMethodAccessorImpl.invoke0(Native Method)
	at sun.reflect.NativeMethodAccessorImpl.invoke(NativeMethodAccessorImpl.java:62)
	at sun.reflect.DelegatingMethodAccessorImpl.invoke(DelegatingMethodAccessorImpl.java:43)
	at java.lang.reflect.Method.invoke(Method.java:498)
	at org.junit.runners.model.FrameworkMethod$1.runReflectiveCall(FrameworkMethod.java:50)
	at org.junit.internal.runners.model.ReflectiveCallable.run(ReflectiveCallable.java:12)
	at org.junit.runners.model.FrameworkMethod.invokeExplosively(FrameworkMethod.java:47)
	at org.junit.internal.runners.statements.InvokeMethod.evaluate(InvokeMethod.java:17)
	at org.junit.internal.runners.statements.RunBefores.evaluate(RunBefores.java:26)
	at org.junit.internal.runners.statements.RunAfters.evaluate(RunAfters.java:27)
	at org.junit.runners.ParentRunner.runLeaf(ParentRunner.java:325)
	at org.junit.runners.BlockJUnit4ClassRunner.runChild(BlockJUnit4ClassRunner.java:78)
	at org.junit.runners.BlockJUnit4ClassRunner.runChild(BlockJUnit4ClassRunner.java:57)
	at org.junit.runners.ParentRunner$3.run(ParentRunner.java:290)
	at org.junit.runners.ParentRunner$1.schedule(ParentRunner.java:71)
	at org.junit.runners.ParentRunner.runChildren(ParentRunner.java:288)
	at org.junit.runners.ParentRunner.access$000(ParentRunner.java:58)
	at org.junit.runners.ParentRunner$2.evaluate(ParentRunner.java:268)
	at org.junit.runners.ParentRunner.run(ParentRunner.java:363)
	at org.junit.runners.Suite.runChild(Suite.java:128)
	at org.junit.runners.Suite.runChild(Suite.java:27)
	at org.junit.runners.ParentRunner$3.run(ParentRunner.java:290)
	at org.junit.runners.ParentRunner$1.schedule(ParentRunner.java:71)
	at org.junit.runners.ParentRunner.runChildren(ParentRunner.java:288)
	at org.junit.runners.ParentRunner.access$000(ParentRunner.java:58)
	at org.junit.runners.ParentRunner$2.evaluate(ParentRunner.java:268)
	at org.junit.runners.ParentRunner.run(ParentRunner.java:363)
	at org.junit.runner.JUnitCore.run(JUnitCore.java:137)
	at org.junit.runner.JUnitCore.run(JUnitCore.java:115)
	at org.junit.runner.JUnitCore.runMain(JUnitCore.java:77)
	at org.junit.runner.JUnitCore.main(JUnitCore.java:36)

FAILURES!!!
Tests run: 4,  Failures: 1

Running test: FingerPrintGenerator
page_defrag = always madvise [never]
scaling_governor = powersave
kernel.numa_balancing = 1
