JUnit version 4.12
.Test started at Sat Oct 29 06:48:14 UTC 2016
Insertions: 17,179,869,184 (approx: 131,072 GiB)
Thread count: 88
Maximum FPSet table count is: 34,359,738,368 (approx: 262,144 GiB)
FPSet lock count is: 16384
FPSet bucket count is: 2147483639
Testing tlc2.tool.fp.MSBDiskFPSet
1477723761362 s; 435,707,499 insertions/min; 0.01 load factor
1477723821369 s; 911,711,599 insertions/min; 0.04 load factor
1477723941362 s; 5,349,968,860 insertions/min; 0.12 load factor
1477724061362 s; 5,283,623,192 insertions/min; 0.19 load factor
1477724217000 s; 4,452,065,432 insertions/min; 0.24 load factor
1477724301361 s; 1,308,509,277 insertions/min; 0.27 load factor
1477724361361 s; 648,822,366 insertions/min; 0.29 load factor
1477724421361 s; 640,079,481 insertions/min; 0.31 load factor
1477724481361 s; 630,407,261 insertions/min; 0.33 load factor
1477724541370 s; 627,705,222 insertions/min; 0.35 load factor
1477724661362 s; 2,495,847,897 insertions/min; 0.38 load factor
1477724741921 s; 248,057,565 insertions/min; 0.39 load factor
1477724841361 s; 1,873,534,286 insertions/min; 0.42 load factor
1477724901361 s; 681,360,406 insertions/min; 0.44 load factor
1477724961362 s; 679,996,385 insertions/min; 0.46 load factor
1477725124218 s; 3,112,580,731 insertions/min; 0.49 load factor
Total puts: 17179869168, total collisions: 0, total load factor: 0.5, duration: 1451805 ms.
1477725153172 s; 709,980,000 insertions/min; 0.5 load factor
Test finished at Sat Oct 29 07:12:33 UTC 2016
E.Test started at Sat Oct 29 07:12:33 UTC 2016
Insertions: 17,179,869,184 (approx: 131,072 GiB)
Thread count: 88
Test finished at Sat Oct 29 07:12:33 UTC 2016
.Test started at Sat Oct 29 07:12:33 UTC 2016
Insertions: 17,179,869,184 (approx: 131,072 GiB)
Thread count: 88
Test finished at Sat Oct 29 07:12:33 UTC 2016
.Test started at Sat Oct 29 07:12:33 UTC 2016
Insertions: 17,179,869,184 (approx: 131,072 GiB)
Thread count: 88
Test finished at Sat Oct 29 07:12:33 UTC 2016

Time: 1,458.352
There was 1 failure:
1) testMaxFPSetSizeRnd(tlc2.tool.fp.MultiThreadedMSBDiskFPSetTest)
java.lang.AssertionError
	at org.junit.Assert.fail(Assert.java:86)
	at org.junit.Assert.assertTrue(Assert.java:41)
	at org.junit.Assert.assertTrue(Assert.java:52)
	at tlc2.tool.fp.MultiThreadedFPSetTest.doTest(MultiThreadedFPSetTest.java:170)
	at tlc2.tool.fp.MultiThreadedFPSetTest.testMaxFPSetSizeRnd(MultiThreadedFPSetTest.java:67)
	at sun.reflect.NativeMethodAccessorImpl.invoke0(Native Method)
	at sun.reflect.NativeMethodAccessorImpl.invoke(NativeMethodAccessorImpl.java:62)
	at sun.reflect.DelegatingMethodAccessorImpl.invoke(DelegatingMethodAccessorImpl.java:43)
	at java.lang.reflect.Method.invoke(Method.java:498)
	at org.junit.runners.model.FrameworkMethod$1.runReflectiveCall(FrameworkMethod.java:50)
	at org.junit.internal.runners.model.ReflectiveCallable.run(ReflectiveCallable.java:12)
	at org.junit.runners.model.FrameworkMethod.invokeExplosively(FrameworkMethod.java:47)
	at org.junit.internal.runners.statements.InvokeMethod.evaluate(InvokeMethod.java:17)
	at org.junit.internal.runners.statements.RunBefores.evaluate(RunBefores.java:26)
	at org.junit.internal.runners.statements.RunAfters.evaluate(RunAfters.java:27)
	at org.junit.runners.ParentRunner.runLeaf(ParentRunner.java:325)
	at org.junit.runners.BlockJUnit4ClassRunner.runChild(BlockJUnit4ClassRunner.java:78)
	at org.junit.runners.BlockJUnit4ClassRunner.runChild(BlockJUnit4ClassRunner.java:57)
	at org.junit.runners.ParentRunner$3.run(ParentRunner.java:290)
	at org.junit.runners.ParentRunner$1.schedule(ParentRunner.java:71)
	at org.junit.runners.ParentRunner.runChildren(ParentRunner.java:288)
	at org.junit.runners.ParentRunner.access$000(ParentRunner.java:58)
	at org.junit.runners.ParentRunner$2.evaluate(ParentRunner.java:268)
	at org.junit.runners.ParentRunner.run(ParentRunner.java:363)
	at org.junit.runners.Suite.runChild(Suite.java:128)
	at org.junit.runners.Suite.runChild(Suite.java:27)
	at org.junit.runners.ParentRunner$3.run(ParentRunner.java:290)
	at org.junit.runners.ParentRunner$1.schedule(ParentRunner.java:71)
	at org.junit.runners.ParentRunner.runChildren(ParentRunner.java:288)
	at org.junit.runners.ParentRunner.access$000(ParentRunner.java:58)
	at org.junit.runners.ParentRunner$2.evaluate(ParentRunner.java:268)
	at org.junit.runners.ParentRunner.run(ParentRunner.java:363)
	at org.junit.runner.JUnitCore.run(JUnitCore.java:137)
	at org.junit.runner.JUnitCore.run(JUnitCore.java:115)
	at org.junit.runner.JUnitCore.runMain(JUnitCore.java:77)
	at org.junit.runner.JUnitCore.main(JUnitCore.java:36)

FAILURES!!!
Tests run: 4,  Failures: 1

Running test: FingerPrintGenerator
page_defrag = always madvise [never]
scaling_governor = powersave
kernel.numa_balancing = 1
