JUnit version 4.12
.Test started at Thu Oct 20 16:11:34 UTC 2016
Insertions: 8,589,934,592 (approx: 65,536 GiB)
Thread count: 8
Maximum FPSet table count is: 17,179,869,184 (approx: 131,072 GiB)
FPSet lock count is: 2048
FPSet bucket count is: 1073741824
Testing tlc2.tool.fp.MSBDiskFPSet
1476979958090 s; 512,997,756 insertions/min; 0.03 load factor
1476980018089 s; 539,817,547 insertions/min; 0.06 load factor
1476980138089 s; 1,401,977,052 insertions/min; 0.1 load factor
1476980198089 s; 515,501,696 insertions/min; 0.13 load factor
1476980258089 s; 540,802,620 insertions/min; 0.16 load factor
1476980378089 s; 2,413,927,040 insertions/min; 0.23 load factor
1476980498089 s; 2,274,138,504 insertions/min; 0.3 load factor
1476980618089 s; 2,297,447,546 insertions/min; 0.37 load factor
1476980738088 s; 2,380,145,233 insertions/min; 0.44 load factor
1476980798089 s; 586,252,316 insertions/min; 0.47 load factor
1476980858089 s; 538,623,328 insertions/min; 0.5 load factor
Producer: 0, puts: 1073741824, puts/collisions: none
Producer: 1, puts: 1083267687, puts/collisions: none
Producer: 2, puts: 1073741824, puts/collisions: none
Producer: 3, puts: 1075579111, puts/collisions: none
Producer: 4, puts: 1073741824, puts/collisions: none
Producer: 5, puts: 1073741824, puts/collisions: none
Producer: 6, puts: 1090375717, puts/collisions: none
Producer: 7, puts: 1076643164, puts/collisions: none
Total puts: 8620832975, total collisions: 0, total load factor: 0.502, duration: 961707 ms, reprobe: 13471295808.
1476980859802 s; Total 537,840,000 insertions/min; 0.5 load factor
Test finished at Thu Oct 20 16:27:39 UTC 2016
E.Test started at Thu Oct 20 16:27:39 UTC 2016
Insertions: 8,589,934,592 (approx: 65,536 GiB)
Thread count: 8
Test finished at Thu Oct 20 16:27:39 UTC 2016
.Test started at Thu Oct 20 16:27:39 UTC 2016
Insertions: 8,589,934,592 (approx: 65,536 GiB)
Thread count: 8
Test finished at Thu Oct 20 16:27:39 UTC 2016
.Test started at Thu Oct 20 16:27:39 UTC 2016
Insertions: 8,589,934,592 (approx: 65,536 GiB)
Thread count: 8
Test finished at Thu Oct 20 16:27:39 UTC 2016

Time: 965.145
There was 1 failure:
1) testMaxFPSetSizeRnd(tlc2.tool.fp.MultiThreadedMSBDiskFPSetTest)
java.lang.AssertionError
	at org.junit.Assert.fail(Assert.java:86)
	at org.junit.Assert.assertTrue(Assert.java:41)
	at org.junit.Assert.assertTrue(Assert.java:52)
	at tlc2.tool.fp.MultiThreadedFPSetTest.doTest(MultiThreadedFPSetTest.java:172)
	at tlc2.tool.fp.MultiThreadedFPSetTest.testMaxFPSetSizeRnd(MultiThreadedFPSetTest.java:67)
	at sun.reflect.NativeMethodAccessorImpl.invoke0(Native Method)
	at sun.reflect.NativeMethodAccessorImpl.invoke(NativeMethodAccessorImpl.java:62)
	at sun.reflect.DelegatingMethodAccessorImpl.invoke(DelegatingMethodAccessorImpl.java:43)
	at java.lang.reflect.Method.invoke(Method.java:498)
	at org.junit.runners.model.FrameworkMethod$1.runReflectiveCall(FrameworkMethod.java:50)
	at org.junit.internal.runners.model.ReflectiveCallable.run(ReflectiveCallable.java:12)
	at org.junit.runners.model.FrameworkMethod.invokeExplosively(FrameworkMethod.java:47)
	at org.junit.internal.runners.statements.InvokeMethod.evaluate(InvokeMethod.java:17)
	at org.junit.internal.runners.statements.RunBefores.evaluate(RunBefores.java:26)
	at org.junit.internal.runners.statements.RunAfters.evaluate(RunAfters.java:27)
	at org.junit.runners.ParentRunner.runLeaf(ParentRunner.java:325)
	at org.junit.runners.BlockJUnit4ClassRunner.runChild(BlockJUnit4ClassRunner.java:78)
	at org.junit.runners.BlockJUnit4ClassRunner.runChild(BlockJUnit4ClassRunner.java:57)
	at org.junit.runners.ParentRunner$3.run(ParentRunner.java:290)
	at org.junit.runners.ParentRunner$1.schedule(ParentRunner.java:71)
	at org.junit.runners.ParentRunner.runChildren(ParentRunner.java:288)
	at org.junit.runners.ParentRunner.access$000(ParentRunner.java:58)
	at org.junit.runners.ParentRunner$2.evaluate(ParentRunner.java:268)
	at org.junit.runners.ParentRunner.run(ParentRunner.java:363)
	at org.junit.runners.Suite.runChild(Suite.java:128)
	at org.junit.runners.Suite.runChild(Suite.java:27)
	at org.junit.runners.ParentRunner$3.run(ParentRunner.java:290)
	at org.junit.runners.ParentRunner$1.schedule(ParentRunner.java:71)
	at org.junit.runners.ParentRunner.runChildren(ParentRunner.java:288)
	at org.junit.runners.ParentRunner.access$000(ParentRunner.java:58)
	at org.junit.runners.ParentRunner$2.evaluate(ParentRunner.java:268)
	at org.junit.runners.ParentRunner.run(ParentRunner.java:363)
	at org.junit.runner.JUnitCore.run(JUnitCore.java:137)
	at org.junit.runner.JUnitCore.run(JUnitCore.java:115)
	at org.junit.runner.JUnitCore.runMain(JUnitCore.java:77)
	at org.junit.runner.JUnitCore.main(JUnitCore.java:36)

FAILURES!!!
Tests run: 4,  Failures: 1

page_defrag = [always] madvise never
scaling_governor = powersave
kernel.numa_balancing = 1
Running test: FingerPrintGenerator
