JUnit version 4.12
.Test started at Thu Oct 20 15:48:21 UTC 2016
Insertions: 8,589,934,592 (approx: 65,536 GiB)
Thread count: 16
Maximum FPSet table count is: 17,179,869,184 (approx: 131,072 GiB)
FPSet lock count is: 4096
FPSet bucket count is: 1073741824
Testing tlc2.tool.fp.MSBDiskFPSet
1476978564884 s; 811,485,965 insertions/min; 0.05 load factor
1476978624885 s; 297,521,148 insertions/min; 0.06 load factor
1476978744884 s; 2,836,392,556 insertions/min; 0.15 load factor
1476978804883 s; 737,162,035 insertions/min; 0.19 load factor
1476978864883 s; 784,155,491 insertions/min; 0.24 load factor
1476978924883 s; 782,462,315 insertions/min; 0.28 load factor
1476978984883 s; 778,436,885 insertions/min; 0.33 load factor
1476979044883 s; 751,858,882 insertions/min; 0.37 load factor
1476979104884 s; 796,234,533 insertions/min; 0.42 load factor
Producer: 0, puts: 542501860, puts/collisions: none
Producer: 1, puts: 536870912, puts/collisions: none
Producer: 2, puts: 538648054, puts/collisions: none
Producer: 3, puts: 536870912, puts/collisions: none
Producer: 4, puts: 542009052, puts/collisions: none
Producer: 5, puts: 539130729, puts/collisions: none
Producer: 6, puts: 536942725, puts/collisions: none
Producer: 7, puts: 536870912, puts/collisions: none
Producer: 8, puts: 536870912, puts/collisions: none
Producer: 9, puts: 538379665, puts/collisions: none
Producer: 10, puts: 536870912, puts/collisions: none
Producer: 11, puts: 537404345, puts/collisions: none
Producer: 12, puts: 536870912, puts/collisions: none
Producer: 13, puts: 541613311, puts/collisions: none
Producer: 14, puts: 539732598, puts/collisions: none
Producer: 15, puts: 536870912, puts/collisions: none
Total puts: 8614458723, total collisions: 0, total load factor: 0.501, duration: 719842 ms, reprobe: 10336238272.
1476979224735 s; Total 718,020,000 insertions/min; 0.5 load factor
Test finished at Thu Oct 20 16:00:24 UTC 2016
E.Test started at Thu Oct 20 16:00:24 UTC 2016
Insertions: 8,589,934,592 (approx: 65,536 GiB)
Thread count: 16
Test finished at Thu Oct 20 16:00:24 UTC 2016
.Test started at Thu Oct 20 16:00:24 UTC 2016
Insertions: 8,589,934,592 (approx: 65,536 GiB)
Thread count: 16
Test finished at Thu Oct 20 16:00:24 UTC 2016
.Test started at Thu Oct 20 16:00:24 UTC 2016
Insertions: 8,589,934,592 (approx: 65,536 GiB)
Thread count: 16
Test finished at Thu Oct 20 16:00:24 UTC 2016

Time: 723.389
There was 1 failure:
1) testMaxFPSetSizeRnd(tlc2.tool.fp.MultiThreadedMSBDiskFPSetTest)
java.lang.AssertionError
	at org.junit.Assert.fail(Assert.java:86)
	at org.junit.Assert.assertTrue(Assert.java:41)
	at org.junit.Assert.assertTrue(Assert.java:52)
	at tlc2.tool.fp.MultiThreadedFPSetTest.doTest(MultiThreadedFPSetTest.java:172)
	at tlc2.tool.fp.MultiThreadedFPSetTest.testMaxFPSetSizeRnd(MultiThreadedFPSetTest.java:67)
	at sun.reflect.NativeMethodAccessorImpl.invoke0(Native Method)
	at sun.reflect.NativeMethodAccessorImpl.invoke(NativeMethodAccessorImpl.java:62)
	at sun.reflect.DelegatingMethodAccessorImpl.invoke(DelegatingMethodAccessorImpl.java:43)
	at java.lang.reflect.Method.invoke(Method.java:498)
	at org.junit.runners.model.FrameworkMethod$1.runReflectiveCall(FrameworkMethod.java:50)
	at org.junit.internal.runners.model.ReflectiveCallable.run(ReflectiveCallable.java:12)
	at org.junit.runners.model.FrameworkMethod.invokeExplosively(FrameworkMethod.java:47)
	at org.junit.internal.runners.statements.InvokeMethod.evaluate(InvokeMethod.java:17)
	at org.junit.internal.runners.statements.RunBefores.evaluate(RunBefores.java:26)
	at org.junit.internal.runners.statements.RunAfters.evaluate(RunAfters.java:27)
	at org.junit.runners.ParentRunner.runLeaf(ParentRunner.java:325)
	at org.junit.runners.BlockJUnit4ClassRunner.runChild(BlockJUnit4ClassRunner.java:78)
	at org.junit.runners.BlockJUnit4ClassRunner.runChild(BlockJUnit4ClassRunner.java:57)
	at org.junit.runners.ParentRunner$3.run(ParentRunner.java:290)
	at org.junit.runners.ParentRunner$1.schedule(ParentRunner.java:71)
	at org.junit.runners.ParentRunner.runChildren(ParentRunner.java:288)
	at org.junit.runners.ParentRunner.access$000(ParentRunner.java:58)
	at org.junit.runners.ParentRunner$2.evaluate(ParentRunner.java:268)
	at org.junit.runners.ParentRunner.run(ParentRunner.java:363)
	at org.junit.runners.Suite.runChild(Suite.java:128)
	at org.junit.runners.Suite.runChild(Suite.java:27)
	at org.junit.runners.ParentRunner$3.run(ParentRunner.java:290)
	at org.junit.runners.ParentRunner$1.schedule(ParentRunner.java:71)
	at org.junit.runners.ParentRunner.runChildren(ParentRunner.java:288)
	at org.junit.runners.ParentRunner.access$000(ParentRunner.java:58)
	at org.junit.runners.ParentRunner$2.evaluate(ParentRunner.java:268)
	at org.junit.runners.ParentRunner.run(ParentRunner.java:363)
	at org.junit.runner.JUnitCore.run(JUnitCore.java:137)
	at org.junit.runner.JUnitCore.run(JUnitCore.java:115)
	at org.junit.runner.JUnitCore.runMain(JUnitCore.java:77)
	at org.junit.runner.JUnitCore.main(JUnitCore.java:36)

FAILURES!!!
Tests run: 4,  Failures: 1

page_defrag = [always] madvise never
scaling_governor = powersave
kernel.numa_balancing = 1
Running test: FingerPrintGenerator
