JUnit version 4.12
.Test started at Thu Oct 20 12:24:01 UTC 2016
Insertions: 8,589,934,592 (approx: 65,536 GiB)
Thread count: 24
Maximum FPSet table count is: 17,179,869,184 (approx: 131,072 GiB)
FPSet lock count is: 4096
FPSet bucket count is: 1073741824
Testing tlc2.tool.fp.MSBDiskFPSet
1476966341612 s; 1,484,125,344 insertions/min; 0.05 load factor
1476966424967 s; 2,226,470,283 insertions/min; 0.15 load factor
1476966484968 s; 1,191,390,592 insertions/min; 0.22 load factor
1476966604967 s; 5,089,068,688 insertions/min; 0.36 load factor
1476966664967 s; 1,308,676,837 insertions/min; 0.44 load factor
Producer: 0, puts: 358232209, puts/collisions: none
Producer: 1, puts: 359309865, puts/collisions: none
Producer: 2, puts: 357913941, puts/collisions: none
Producer: 3, puts: 357930156, puts/collisions: none
Producer: 4, puts: 358671630, puts/collisions: none
Producer: 5, puts: 357913941, puts/collisions: none
Producer: 6, puts: 357913941, puts/collisions: none
Producer: 7, puts: 357913941, puts/collisions: none
Producer: 8, puts: 357913941, puts/collisions: none
Producer: 9, puts: 360814501, puts/collisions: none
Producer: 10, puts: 359280002, puts/collisions: none
Producer: 11, puts: 357913941, puts/collisions: none
Producer: 12, puts: 357913941, puts/collisions: none
Producer: 13, puts: 357913941, puts/collisions: none
Producer: 14, puts: 357913941, puts/collisions: none
Producer: 15, puts: 358756513, puts/collisions: none
Producer: 16, puts: 357913941, puts/collisions: none
Producer: 17, puts: 357913941, puts/collisions: none
Producer: 18, puts: 359175293, puts/collisions: none
Producer: 19, puts: 360438191, puts/collisions: none
Producer: 20, puts: 359108680, puts/collisions: none
Producer: 21, puts: 359630955, puts/collisions: none
Producer: 22, puts: 357913941, puts/collisions: none
Producer: 23, puts: 360967733, puts/collisions: none
Total puts: 8607283020, total collisions: 0, total load factor: 0.501, duration: 471007 ms, reprobe: 8575543064.
1476966715984 s; Total 1,096,440,000 insertions/min; 0.5 load factor
Test finished at Thu Oct 20 12:31:55 UTC 2016
E.Test started at Thu Oct 20 12:31:55 UTC 2016
Insertions: 8,589,934,592 (approx: 65,536 GiB)
Thread count: 24
Test finished at Thu Oct 20 12:31:55 UTC 2016
.Test started at Thu Oct 20 12:31:55 UTC 2016
Insertions: 8,589,934,592 (approx: 65,536 GiB)
Thread count: 24
Test finished at Thu Oct 20 12:31:55 UTC 2016
.Test started at Thu Oct 20 12:31:55 UTC 2016
Insertions: 8,589,934,592 (approx: 65,536 GiB)
Thread count: 24
Test finished at Thu Oct 20 12:31:55 UTC 2016

Time: 474.31
There was 1 failure:
1) testMaxFPSetSizeRnd(tlc2.tool.fp.MultiThreadedMSBDiskFPSetTest)
java.lang.AssertionError
	at org.junit.Assert.fail(Assert.java:86)
	at org.junit.Assert.assertTrue(Assert.java:41)
	at org.junit.Assert.assertTrue(Assert.java:52)
	at tlc2.tool.fp.MultiThreadedFPSetTest.doTest(MultiThreadedFPSetTest.java:172)
	at tlc2.tool.fp.MultiThreadedFPSetTest.testMaxFPSetSizeRnd(MultiThreadedFPSetTest.java:67)
	at sun.reflect.NativeMethodAccessorImpl.invoke0(Native Method)
	at sun.reflect.NativeMethodAccessorImpl.invoke(NativeMethodAccessorImpl.java:62)
	at sun.reflect.DelegatingMethodAccessorImpl.invoke(DelegatingMethodAccessorImpl.java:43)
	at java.lang.reflect.Method.invoke(Method.java:498)
	at org.junit.runners.model.FrameworkMethod$1.runReflectiveCall(FrameworkMethod.java:50)
	at org.junit.internal.runners.model.ReflectiveCallable.run(ReflectiveCallable.java:12)
	at org.junit.runners.model.FrameworkMethod.invokeExplosively(FrameworkMethod.java:47)
	at org.junit.internal.runners.statements.InvokeMethod.evaluate(InvokeMethod.java:17)
	at org.junit.internal.runners.statements.RunBefores.evaluate(RunBefores.java:26)
	at org.junit.internal.runners.statements.RunAfters.evaluate(RunAfters.java:27)
	at org.junit.runners.ParentRunner.runLeaf(ParentRunner.java:325)
	at org.junit.runners.BlockJUnit4ClassRunner.runChild(BlockJUnit4ClassRunner.java:78)
	at org.junit.runners.BlockJUnit4ClassRunner.runChild(BlockJUnit4ClassRunner.java:57)
	at org.junit.runners.ParentRunner$3.run(ParentRunner.java:290)
	at org.junit.runners.ParentRunner$1.schedule(ParentRunner.java:71)
	at org.junit.runners.ParentRunner.runChildren(ParentRunner.java:288)
	at org.junit.runners.ParentRunner.access$000(ParentRunner.java:58)
	at org.junit.runners.ParentRunner$2.evaluate(ParentRunner.java:268)
	at org.junit.runners.ParentRunner.run(ParentRunner.java:363)
	at org.junit.runners.Suite.runChild(Suite.java:128)
	at org.junit.runners.Suite.runChild(Suite.java:27)
	at org.junit.runners.ParentRunner$3.run(ParentRunner.java:290)
	at org.junit.runners.ParentRunner$1.schedule(ParentRunner.java:71)
	at org.junit.runners.ParentRunner.runChildren(ParentRunner.java:288)
	at org.junit.runners.ParentRunner.access$000(ParentRunner.java:58)
	at org.junit.runners.ParentRunner$2.evaluate(ParentRunner.java:268)
	at org.junit.runners.ParentRunner.run(ParentRunner.java:363)
	at org.junit.runner.JUnitCore.run(JUnitCore.java:137)
	at org.junit.runner.JUnitCore.run(JUnitCore.java:115)
	at org.junit.runner.JUnitCore.runMain(JUnitCore.java:77)
	at org.junit.runner.JUnitCore.main(JUnitCore.java:36)

FAILURES!!!
Tests run: 4,  Failures: 1

page_defrag = [always] madvise never
scaling_governor = powersave
kernel.numa_balancing = 1
Running test: FingerPrintGenerator
